<?xml version="1.0" encoding="UTF-8"?>
<testsuites name="Mocha Tests" time="33.421" tests="5" failures="1">
  <testsuite name="Root Suite" timestamp="2023-01-20T06:04:32" tests="0" file="cypress\integration\examples\BDD\CreateAPI.feature" time="0.000" failures="0">
  </testsuite>
  <testsuite name="API Testing" timestamp="2023-01-20T06:04:32" tests="5" time="33.391" failures="1">
    <testcase name="API Testing Test Create request scenario" time="0.905" classname="Test Create request scenario">
    </testcase>
    <testcase name="API Testing Test Put Request Scenraio" time="0.286" classname="Test Put Request Scenraio">
    </testcase>
    <testcase name="API Testing Test Get Request Scenraio" time="0.230" classname="Test Get Request Scenraio">
    </testcase>
    <testcase name="API Testing Test DEL Request Scenraio" time="0.261" classname="Test DEL Request Scenraio">
    </testcase>
    <testcase name="API Testing Test Post Results Scenraio" time="0.000" classname="Test Post Results Scenraio">
      <failure message="`cy.request()` timed out waiting `30000ms` for a response from your server.

The request we sent was:

Method: POST
URL: https://xray.cloud.getxray.app/api/v1/import/execution/junit?projectKey=DTCI

No response was received within the timeout.

https://on.cypress.io/request" type="CypressError"><![CDATA[CypressError: `cy.request()` timed out waiting `30000ms` for a response from your server.

The request we sent was:

Method: POST
URL: https://xray.cloud.getxray.app/api/v1/import/execution/junit?projectKey=DTCI

No response was received within the timeout.

https://on.cypress.io/request
    at <unknown> (http://localhost:51304/__cypress/runner/cypress_runner.js:144269:78)
    at tryCatcher (http://localhost:51304/__cypress/runner/cypress_runner.js:11327:23)
    at <unknown> (http://localhost:51304/__cypress/runner/cypress_runner.js:6449:41)
    at tryCatcher (http://localhost:51304/__cypress/runner/cypress_runner.js:11327:23)
    at Promise._settlePromiseFromHandler (http://localhost:51304/__cypress/runner/cypress_runner.js:9262:31)
    at Promise._settlePromise (http://localhost:51304/__cypress/runner/cypress_runner.js:9319:18)
    at Promise._settlePromise0 (http://localhost:51304/__cypress/runner/cypress_runner.js:9364:10)
    at Promise._settlePromises (http://localhost:51304/__cypress/runner/cypress_runner.js:9440:18)
    at _drainQueueStep (http://localhost:51304/__cypress/runner/cypress_runner.js:6034:12)
    at _drainQueue (http://localhost:51304/__cypress/runner/cypress_runner.js:6027:9)
    at ../../node_modules/bluebird/js/release/async.js.Async._drainQueues (http://localhost:51304/__cypress/runner/cypress_runner.js:6043:5)
    at Async.drainQueues (http://localhost:51304/__cypress/runner/cypress_runner.js:5913:14)
From Your Spec Code:
    at postXML (cypress/integration/examples/BDD/CreateAPI/APITesting_results_jira.js:29:14)
    at Context.eval (cypress/integration/examples/BDD/CreateAPI/APITesting_results_jira.js:14:12)]]></failure>
    </testcase>
  </testsuite>
</testsuites>