<?xml version="1.0" encoding="UTF-8"?>
<testsuites name="Mocha Tests" time="31.826" tests="1" failures="1">
  <testsuite name="Root Suite" timestamp="2023-01-13T14:08:17" tests="1" file="cypress\integration\examples\APITesting_results_jira.js" time="31.818" failures="1">
    <testcase name="Post File to URL" time="0.000" classname="Post File to URL">
      <failure message="`cy.request()` timed out waiting `30000ms` for a response from your server.

The request we sent was:

Method: POST
URL: https://xray.cloud.getxray.app/api/v1/import/execution/junit?projectKey=DTCI

No response was received within the timeout.

https://on.cypress.io/request" type="CypressError"><![CDATA[CypressError: `cy.request()` timed out waiting `30000ms` for a response from your server.

The request we sent was:

Method: POST
URL: https://xray.cloud.getxray.app/api/v1/import/execution/junit?projectKey=DTCI

No response was received within the timeout.

https://on.cypress.io/request
    at <unknown> (http://localhost:58916/__cypress/runner/cypress_runner.js:144269:78)
    at tryCatcher (http://localhost:58916/__cypress/runner/cypress_runner.js:11327:23)
    at <unknown> (http://localhost:58916/__cypress/runner/cypress_runner.js:6449:41)
    at tryCatcher (http://localhost:58916/__cypress/runner/cypress_runner.js:11327:23)
    at Promise._settlePromiseFromHandler (http://localhost:58916/__cypress/runner/cypress_runner.js:9262:31)
    at Promise._settlePromise (http://localhost:58916/__cypress/runner/cypress_runner.js:9319:18)
    at Promise._settlePromise0 (http://localhost:58916/__cypress/runner/cypress_runner.js:9364:10)
    at Promise._settlePromises (http://localhost:58916/__cypress/runner/cypress_runner.js:9440:18)
    at _drainQueueStep (http://localhost:58916/__cypress/runner/cypress_runner.js:6034:12)
    at _drainQueue (http://localhost:58916/__cypress/runner/cypress_runner.js:6027:9)
    at ../../node_modules/bluebird/js/release/async.js.Async._drainQueues (http://localhost:58916/__cypress/runner/cypress_runner.js:6043:5)
    at Async.drainQueues (http://localhost:58916/__cypress/runner/cypress_runner.js:5913:14)
From Your Spec Code:
    at postXML (cypress/integration/examples/APITesting_results_jira.js:26:14)
    at Context.eval (cypress/integration/examples/APITesting_results_jira.js:12:12)]]></failure>
    </testcase>
  </testsuite>
</testsuites>